==2595== Memcheck, a memory error detector
==2595== Copyright (C) 2002-2012, and GNU GPL'd, by Julian Seward et al.
==2595== Using Valgrind-3.8.1 and LibVEX; rerun with -h for copyright info
==2595== Command: /home/users/yangjun03/LBS-DA-TEST/app/search/lbs-da/upps/output/upps/bin/./../bin/upps
==2595== Parent PID: 2590
==2595== 
--2595-- 
--2595-- Valgrind options:
--2595--    -v
--2595--    --tool=memcheck
--2595--    --leak-check=yes
--2595--    --trace-children=yes
--2595--    --log-file=./valgrind.log
--2595-- Contents of /proc/version:
--2595--   Linux version 2.6.32_1-10-0-0 (scmpf@dbl-sat-dev01.dbl01.baidu.com) (gcc version 4.4.4 20100726 (Red Hat 4.4.4-13) (GCC) ) #1 SMP Fri Feb 1 17:20:11 CST 2013
--2595-- Arch and hwcaps: AMD64, amd64-sse3-cx16-avx
--2595-- Page sizes: currently 4096, max supported 4096
--2595-- Valgrind library directory: /home/users/yangjun03/.jumbo/lib/valgrind
--2595-- Reading syms from /home/users/yangjun03/LBS-DA-TEST/app/search/lbs-da/upps/output/upps/bin/upps
--2595-- warning: DiCfSI 0x0 .. 0x0 outside mapped rw segments (NONE)
--2595-- warning: DiCfSI 0x1 .. 0x3 outside mapped rw segments (NONE)
--2595-- warning: DiCfSI 0x4 .. 0x48 outside mapped rw segments (NONE)
--2595-- warning: DiCfSI 0x0 .. 0x0 outside mapped rw segments (NONE)
--2595-- warning: DiCfSI 0x1 .. 0x3 outside mapped rw segments (NONE)
--2595-- warning: DiCfSI 0x4 .. 0x52 outside mapped rw segments (NONE)
--2595-- warning: DiCfSI 0x0 .. 0x0 outside mapped rw segments (NONE)
--2595-- warning: DiCfSI 0x1 .. 0x3 outside mapped rw segments (NONE)
--2595-- warning: DiCfSI 0x4 .. 0x48 outside mapped rw segments (NONE)
--2595-- warning: DiCfSI 0x0 .. 0x0 outside mapped rw segments (NONE)
--2595-- Reading syms from /home/users/yangjun03/.jumbo/lib/valgrind/memcheck-amd64-linux
--2595--    object doesn't have a dynamic symbol table
--2595-- Reading syms from /lib64/ld-2.3.4.so
--2595-- Scheduler: using generic scheduler lock implementation.
--2595-- Reading suppressions file: /home/users/yangjun03/.jumbo/lib/valgrind/default.supp
==2595== embedded gdbserver: reading from /tmp/vgdb-pipe-from-vgdb-to-2595-by-yangjun03-on-cq01-rdqa-pool094.cq01.baidu.com
==2595== embedded gdbserver: writing to   /tmp/vgdb-pipe-to-vgdb-from-2595-by-yangjun03-on-cq01-rdqa-pool094.cq01.baidu.com
==2595== embedded gdbserver: shared mem   /tmp/vgdb-pipe-shared-mem-vgdb-2595-by-yangjun03-on-cq01-rdqa-pool094.cq01.baidu.com
==2595== 
==2595== TO CONTROL THIS PROCESS USING vgdb (which you probably
==2595== don't want to do, unless you know exactly what you're doing,
==2595== or are doing some strange experiment):
==2595==   /home/users/yangjun03/.jumbo/lib/valgrind/../../bin/vgdb --pid=2595 ...command...
==2595== 
==2595== TO DEBUG THIS PROCESS USING GDB: start GDB like this
==2595==   /path/to/gdb /home/users/yangjun03/LBS-DA-TEST/app/search/lbs-da/upps/output/upps/bin/./../bin/upps
==2595== and then give GDB the following command
==2595==   target remote | /home/users/yangjun03/.jumbo/lib/valgrind/../../bin/vgdb --pid=2595
==2595== --pid is optional if only one valgrind process is running
==2595== 
--2595-- REDIR: 0x302ad0fc60 (strlen) redirected to 0x38046be1 (vgPlain_amd64_linux_REDIR_FOR_strlen)
--2595-- Reading syms from /home/users/yangjun03/.jumbo/lib/valgrind/vgpreload_core-amd64-linux.so
--2595-- Reading syms from /home/users/yangjun03/.jumbo/lib/valgrind/vgpreload_memcheck-amd64-linux.so
--2595-- REDIR: 0x302ad0fa80 (index) redirected to 0x49092b0 (index)
--2595-- REDIR: 0x302ad0fc30 (strcmp) redirected to 0x490a0b0 (strcmp)
--2595-- Reading syms from /home/users/yangjun03/LBS-DA-TEST/app/search/lbs-da/upps/output/upps/lib/libuppscommon.so
--2595-- Reading syms from /lib64/tls/libpthread-2.3.4.so
--2595-- Reading syms from /lib64/libcrypto.so.0.9.7a
--2595--    object doesn't have a symbol table
--2595-- Reading syms from /lib64/tls/librt-2.3.4.so
--2595-- Reading syms from /usr/lib64/libstdc++.so.6.0.3
--2595--    object doesn't have a symbol table
--2595-- Reading syms from /lib64/tls/libm-2.3.4.so
--2595-- Reading syms from /lib64/libgcc_s-3.4.5-20051201.so.1
--2595--    object doesn't have a symbol table
--2595-- Reading syms from /lib64/tls/libc-2.3.4.so
--2595-- Reading syms from /usr/lib64/libgssapi_krb5.so.2.2
--2595--    object doesn't have a symbol table
--2595-- Reading syms from /usr/lib64/libkrb5.so.3.2
--2595--    object doesn't have a symbol table
--2595-- Reading syms from /lib64/libcom_err.so.2.1
--2595--    object doesn't have a symbol table
--2595-- Reading syms from /usr/lib64/libk5crypto.so.3.0
--2595--    object doesn't have a symbol table
--2595-- Reading syms from /lib64/libresolv-2.3.4.so
--2595-- Reading syms from /lib64/libdl-2.3.4.so
--2595-- Reading syms from /usr/lib64/libz.so.1.2.1.2
--2595--    object doesn't have a symbol table
--2595-- REDIR: 0x302af71160 (memset) redirected to 0x490b0e0 (memset)
--2595-- REDIR: 0x302af718a0 (memcpy) redirected to 0x490a4e0 (memcpy)
--2595-- REDIR: 0x302af70720 (strstr) redirected to 0x490b8c0 (strstr)
--2595-- REDIR: 0x302af70300 (rindex) redirected to 0x4909160 (rindex)
--2595-- REDIR: 0x302af6ff10 (strlen) redirected to 0x49095b0 (strlen)
--2595-- REDIR: 0x302af6f990 (strcpy) redirected to 0x49095f0 (strcpy)
--2595-- REDIR: 0x302af75120 (wcslen) redirected to 0x490bb00 (wcslen)
--2595-- REDIR: 0x302af70ff0 (memmove) redirected to 0x490b160 (memmove)
--2595-- REDIR: 0x302af70b00 (bcmp) redirected to 0x490ad20 (bcmp)
--2595-- REDIR: 0x302af6f950 (strcmp) redirected to 0x490a050 (strcmp)
--2595-- REDIR: 0x302af6f7a0 (index) redirected to 0x4909210 (index)
--2595-- REDIR: 0x302af71740 (strncasecmp) redirected to 0x4909af0 (strncasecmp)
--2595-- REDIR: 0x302af70170 (strncmp) redirected to 0x4909990 (strncmp)
--2595-- REDIR: 0x302af71270 (mempcpy) redirected to 0x490b5c0 (mempcpy)
==2662== embedded gdbserver: reading from /tmp/vgdb-pipe-from-vgdb-to-2662-by-yangjun03-on-cq01-rdqa-pool094.cq01.baidu.com
==2662== embedded gdbserver: writing to   /tmp/vgdb-pipe-to-vgdb-from-2662-by-yangjun03-on-cq01-rdqa-pool094.cq01.baidu.com
==2662== embedded gdbserver: shared mem   /tmp/vgdb-pipe-shared-mem-vgdb-2662-by-yangjun03-on-cq01-rdqa-pool094.cq01.baidu.com
==2662== 
==2662== TO CONTROL THIS PROCESS USING vgdb (which you probably
==2662== don't want to do, unless you know exactly what you're doing,
==2662== or are doing some strange experiment):
==2662==   /home/users/yangjun03/.jumbo/lib/valgrind/../../bin/vgdb --pid=2662 ...command...
==2662== 
==2662== TO DEBUG THIS PROCESS USING GDB: start GDB like this
==2662==   /path/to/gdb /home/users/yangjun03/LBS-DA-TEST/app/search/lbs-da/upps/output/upps/bin/./../bin/upps
==2662== and then give GDB the following command
==2662==   target remote | /home/users/yangjun03/.jumbo/lib/valgrind/../../bin/vgdb --pid=2662
==2662== --pid is optional if only one valgrind process is running
==2662== 
==2595== 
==2595== HEAP SUMMARY:
==2595==     in use at exit: 0 bytes in 0 blocks
==2595==   total heap usage: 0 allocs, 0 frees, 0 bytes allocated
==2595== 
==2595== All heap blocks were freed -- no leaks are possible
==2595== 
==2595== ERROR SUMMARY: 0 errors from 0 contexts (suppressed: 7 from 7)
--2595-- 
--2595-- used_suppression:      4 dl_relocate_object
--2595-- used_suppression:      3 index-not-intercepted-early-enough-HACK-4
==2595== 
==2595== ERROR SUMMARY: 0 errors from 0 contexts (suppressed: 7 from 7)
--2662-- REDIR: 0xffffffffff600000 (???) redirected to 0x38046bc3 (vgPlain_amd64_linux_REDIR_FOR_vgettimeofday)
--2662-- REDIR: 0xffffffffff600400 (???) redirected to 0x38046bcd (vgPlain_amd64_linux_REDIR_FOR_vtime)
--2662-- REDIR: 0x302af70260 (strncpy) redirected to 0x4909770 (strncpy)
--2662-- REDIR: 0x302af709e0 (memchr) redirected to 0x490a110 (memchr)
--2662-- REDIR: 0x302af716e0 (strcasecmp) redirected to 0x4909a30 (strcasecmp)
--2662-- Reading syms from /home/users/yangjun03/LBS-DA-TEST/app/search/lbs-da/upps/output/upps/plugins/libup.so
--2662-- Reading syms from /home/users/yangjun03/LBS-DA-TEST/app/search/lbs-da/upps/output/upps/plugins/libusertraj.so
--2662-- Reading syms from /home/users/yangjun03/LBS-DA-TEST/app/search/lbs-da/upps/output/upps/plugins/libstaypoint.so
--2662-- Reading syms from /home/users/yangjun03/LBS-DA-TEST/app/search/lbs-da/upps/output/upps/plugins/libitems.so
--2662-- REDIR: 0x302af71550 (stpcpy) redirected to 0x490ada0 (stpcpy)
==2662== Invalid read of size 8
==2662==    at 0x4A0D10: tcmalloc::ThreadCache::ReleaseToCentralCache(tcmalloc::ThreadCache::FreeList*, unsigned long, int) (linked_list.h:43)
==2662==    by 0x4A0D64: tcmalloc::ThreadCache::ListTooLong(tcmalloc::ThreadCache::FreeList*, unsigned long) (thread_cache.cc:191)
==2662==    by 0x6D0469: operator delete(void*) (in /home/users/yangjun03/LBS-DA-TEST/app/search/lbs-da/upps/output/upps/bin/upps)
==2662==    by 0x302D390561: std::string::_Rep::_M_destroy(std::allocator<char> const&) (in /usr/lib64/libstdc++.so.6.0.3)
==2662==    by 0x662D5A: std::_Rb_tree<std::string, std::pair<std::string const, std::pair<void const*, int> >, std::_Select1st<std::pair<std::string const, std::pair<void const*, int> > >, std::less<std::string>, std::allocator<std::pair<std::string const, std::pair<void const*, int> > > >::_M_erase(std::_Rb_tree_node<std::pair<std::string const, std::pair<void const*, int> > >*) (basic_string.h:218)
==2662==    by 0x662D0B: std::_Rb_tree<std::string, std::pair<std::string const, std::pair<void const*, int> >, std::_Select1st<std::pair<std::string const, std::pair<void const*, int> > >, std::less<std::string>, std::allocator<std::pair<std::string const, std::pair<void const*, int> > > >::_M_erase(std::_Rb_tree_node<std::pair<std::string const, std::pair<void const*, int> > >*) (stl_tree.h:494)
==2662==    by 0x66133A: google::protobuf::EncodedDescriptorDatabase::~EncodedDescriptorDatabase() (stl_tree.h:462)
==2662==    by 0x629215: google::protobuf::(anonymous namespace)::DeleteGeneratedPool() (descriptor.cc:808)
==2662==    by 0x61D452: google::protobuf::ShutdownProtobufLibrary() (stl_vector.h:500)
==2662==    by 0x4303F3: quit_func(int) (main.cpp:59)
==2662==    by 0x302AF2E37F: ??? (in /lib64/tls/libc-2.3.4.so)
==2662==  Address 0x1 is not stack'd, malloc'd or (recently) free'd
==2662== 
==2662== 
==2662== Process terminating with default action of signal 11 (SIGSEGV): dumping core
==2662==  Access not within mapped region at address 0x1
==2662==    at 0x4A0D10: tcmalloc::ThreadCache::ReleaseToCentralCache(tcmalloc::ThreadCache::FreeList*, unsigned long, int) (linked_list.h:43)
==2662==    by 0x4A0D64: tcmalloc::ThreadCache::ListTooLong(tcmalloc::ThreadCache::FreeList*, unsigned long) (thread_cache.cc:191)
==2662==    by 0x6D0469: operator delete(void*) (in /home/users/yangjun03/LBS-DA-TEST/app/search/lbs-da/upps/output/upps/bin/upps)
==2662==    by 0x302D390561: std::string::_Rep::_M_destroy(std::allocator<char> const&) (in /usr/lib64/libstdc++.so.6.0.3)
==2662==    by 0x662D5A: std::_Rb_tree<std::string, std::pair<std::string const, std::pair<void const*, int> >, std::_Select1st<std::pair<std::string const, std::pair<void const*, int> > >, std::less<std::string>, std::allocator<std::pair<std::string const, std::pair<void const*, int> > > >::_M_erase(std::_Rb_tree_node<std::pair<std::string const, std::pair<void const*, int> > >*) (basic_string.h:218)
==2662==    by 0x662D0B: std::_Rb_tree<std::string, std::pair<std::string const, std::pair<void const*, int> >, std::_Select1st<std::pair<std::string const, std::pair<void const*, int> > >, std::less<std::string>, std::allocator<std::pair<std::string const, std::pair<void const*, int> > > >::_M_erase(std::_Rb_tree_node<std::pair<std::string const, std::pair<void const*, int> > >*) (stl_tree.h:494)
==2662==    by 0x66133A: google::protobuf::EncodedDescriptorDatabase::~EncodedDescriptorDatabase() (stl_tree.h:462)
==2662==    by 0x629215: google::protobuf::(anonymous namespace)::DeleteGeneratedPool() (descriptor.cc:808)
==2662==    by 0x61D452: google::protobuf::ShutdownProtobufLibrary() (stl_vector.h:500)
==2662==    by 0x4303F3: quit_func(int) (main.cpp:59)
==2662==    by 0x302AF2E37F: ??? (in /lib64/tls/libc-2.3.4.so)
==2662==  If you believe this happened as a result of a stack
==2662==  overflow in your program's main thread (unlikely but
==2662==  possible), you can try to increase the size of the
==2662==  main thread stack using the --main-stacksize= flag.
==2662==  The main thread stack size used in this run was 10485760.
==2662== 
==2662== HEAP SUMMARY:
==2662==     in use at exit: 0 bytes in 0 blocks
==2662==   total heap usage: 0 allocs, 0 frees, 0 bytes allocated
==2662== 
==2662== All heap blocks were freed -- no leaks are possible
==2662== 
==2662== ERROR SUMMARY: 1 errors from 1 contexts (suppressed: 15 from 9)
==2662== 
==2662== 1 errors in context 1 of 1:
==2662== Invalid read of size 8
==2662==    at 0x4A0D10: tcmalloc::ThreadCache::ReleaseToCentralCache(tcmalloc::ThreadCache::FreeList*, unsigned long, int) (linked_list.h:43)
==2662==    by 0x4A0D64: tcmalloc::ThreadCache::ListTooLong(tcmalloc::ThreadCache::FreeList*, unsigned long) (thread_cache.cc:191)
==2662==    by 0x6D0469: operator delete(void*) (in /home/users/yangjun03/LBS-DA-TEST/app/search/lbs-da/upps/output/upps/bin/upps)
==2662==    by 0x302D390561: std::string::_Rep::_M_destroy(std::allocator<char> const&) (in /usr/lib64/libstdc++.so.6.0.3)
==2662==    by 0x662D5A: std::_Rb_tree<std::string, std::pair<std::string const, std::pair<void const*, int> >, std::_Select1st<std::pair<std::string const, std::pair<void const*, int> > >, std::less<std::string>, std::allocator<std::pair<std::string const, std::pair<void const*, int> > > >::_M_erase(std::_Rb_tree_node<std::pair<std::string const, std::pair<void const*, int> > >*) (basic_string.h:218)
==2662==    by 0x662D0B: std::_Rb_tree<std::string, std::pair<std::string const, std::pair<void const*, int> >, std::_Select1st<std::pair<std::string const, std::pair<void const*, int> > >, std::less<std::string>, std::allocator<std::pair<std::string const, std::pair<void const*, int> > > >::_M_erase(std::_Rb_tree_node<std::pair<std::string const, std::pair<void const*, int> > >*) (stl_tree.h:494)
==2662==    by 0x66133A: google::protobuf::EncodedDescriptorDatabase::~EncodedDescriptorDatabase() (stl_tree.h:462)
==2662==    by 0x629215: google::protobuf::(anonymous namespace)::DeleteGeneratedPool() (descriptor.cc:808)
==2662==    by 0x61D452: google::protobuf::ShutdownProtobufLibrary() (stl_vector.h:500)
==2662==    by 0x4303F3: quit_func(int) (main.cpp:59)
==2662==    by 0x302AF2E37F: ??? (in /lib64/tls/libc-2.3.4.so)
==2662==  Address 0x1 is not stack'd, malloc'd or (recently) free'd
==2662== 
--2662-- 
--2662-- used_suppression:     12 dl_relocate_object
--2662-- used_suppression:      3 index-not-intercepted-early-enough-HACK-4
==2662== 
==2662== ERROR SUMMARY: 1 errors from 1 contexts (suppressed: 15 from 9)
